2022.11.18 17:27:00 INFO  tracing is disabled for protocol LSP, to enable tracing of incoming and outgoing JSON messages create an empty file at c:\Users\vemun\TDT4165-Scala-Project\.metals\lsp.trace.json or C:\Users\vemun\AppData\Local\scalameta\metals\cache\lsp.trace.json
2022.11.18 17:27:01 INFO  logging to file C:\Users\vemun\TDT4165-Scala-Project\.metals\metals.log
2022.11.18 17:27:01 INFO  Started: Metals version 0.11.9 in workspace 'C:\Users\vemun\TDT4165-Scala-Project' for client Visual Studio Code 1.73.1.
2022.11.18 17:27:04 INFO  time: initialize in 3.02s
2022.11.18 17:27:04 WARN  Build server is not auto-connectable.
2022.11.18 17:27:04 WARN  no build tool detected in workspace 'C:\Users\vemun\TDT4165-Scala-Project'. The most common cause for this problem is that the editor was opened in the wrong working directory, for example if you use sbt then the workspace directory should contain build.sbt. 
2022.11.18 17:27:04 WARN  no build target for: C:\Users\vemun\TDT4165-Scala-Project\task1.scala
2022.11.18 17:27:10 INFO  no build target found for C:\Users\vemun\TDT4165-Scala-Project\task1.scala. Using presentation compiler with project's scala-library version: 3.2.0
2022.11.18 17:30:47 WARN  no build target for: C:\Users\vemun\TDT4165-Scala-Project\project_tasks\src\main\scala\Main.scala
2022.11.18 17:32:16 WARN  no build target for: C:\Users\vemun\TDT4165-Scala-Project\project_tasks\src\main\scala\Main.scala
2022.11.18 17:32:17 WARN  no build target for: C:\Users\vemun\TDT4165-Scala-Project\project_tasks\src\main\scala\Main.scala
2022.11.18 17:34:05 WARN  no build target for: C:\Users\vemun\TDT4165-Scala-Project\project_tasks\src\main\scala\Main.scala
2022.11.18 17:35:10 WARN  no build target for: C:\Users\vemun\TDT4165-Scala-Project\project_tasks\src\main\scala\Main.scala
2022.11.18 17:38:03 WARN  no build target for: C:\Users\vemun\TDT4165-Scala-Project\project_tasks\build.sbt
2022.11.18 17:40:02 WARN  no build target for: C:\Users\vemun\TDT4165-Scala-Project\project_tasks\build.sbt
2022.11.18 17:40:34 WARN  no build target for: C:\Users\vemun\TDT4165-Scala-Project\project_tasks\src\main\scala\Main.scala
2022.11.18 17:45:47 WARN  no build target for: C:\Users\vemun\TDT4165-Scala-Project\project_tasks\src\test\scala\AccountTests.scala
2022.11.18 17:47:50 WARN  no build target for: C:\Users\vemun\TDT4165-Scala-Project\project_tasks\build.sbt
2022.11.18 17:52:57 WARN  no build target for: C:\Users\vemun\TDT4165-Scala-Project\project_tasks\build.sbt
Nov 18, 2022 5:53:02 PM org.eclipse.lsp4j.jsonrpc.RemoteEndpoint handleCancellation
WARNING: Unmatched cancel notification for request id 706
2022.11.18 17:54:09 WARN  no build tool detected in workspace 'C:\Users\vemun\TDT4165-Scala-Project'. The most common cause for this problem is that the editor was opened in the wrong working directory, for example if you use sbt then the workspace directory should contain build.sbt. 
2022.11.18 17:54:09 WARN  no build tool detected in workspace 'C:\Users\vemun\TDT4165-Scala-Project'. The most common cause for this problem is that the editor was opened in the wrong working directory, for example if you use sbt then the workspace directory should contain build.sbt. 
2022.11.18 17:54:10 WARN  no build tool detected in workspace 'C:\Users\vemun\TDT4165-Scala-Project'. The most common cause for this problem is that the editor was opened in the wrong working directory, for example if you use sbt then the workspace directory should contain build.sbt. 
2022.11.18 17:54:12 WARN  Build server is not auto-connectable.
2022.11.18 17:54:12 WARN  Build server is not auto-connectable.
2022.11.18 17:54:12 WARN  Build server is not auto-connectable.
2022.11.18 17:54:13 WARN  Build server is not auto-connectable.
2022.11.18 17:54:34 INFO  Attempting to connect to the build server...
2022.11.18 17:54:34 INFO  No build server found
2022.11.18 17:54:34 INFO  time: Connected to build server in 2ms
2022.11.18 17:54:34 WARN  no build target for: C:\Users\vemun\TDT4165-Scala-Project\project_tasks\src\main\scala\Main.scala
2022.11.18 17:54:34 WARN  no build target for: C:\Users\vemun\TDT4165-Scala-Project\task1.scala
2022.11.18 17:54:36 INFO  Attempting to connect to the build server...
2022.11.18 17:54:36 INFO  No build server found
2022.11.18 17:54:36 INFO  time: Connected to build server in 1ms
2022.11.18 17:54:36 WARN  no build target for: C:\Users\vemun\TDT4165-Scala-Project\project_tasks\src\main\scala\Main.scala
2022.11.18 17:54:36 WARN  no build target for: C:\Users\vemun\TDT4165-Scala-Project\task1.scala
2022.11.18 17:54:36 INFO  Attempting to connect to the build server...
2022.11.18 17:54:36 INFO  No build server found
2022.11.18 17:54:36 INFO  time: Connected to build server in 1ms
2022.11.18 17:54:36 WARN  no build target for: C:\Users\vemun\TDT4165-Scala-Project\project_tasks\src\main\scala\Main.scala
2022.11.18 17:54:36 WARN  no build target for: C:\Users\vemun\TDT4165-Scala-Project\task1.scala
2022.11.18 17:57:57 WARN  no build target for: C:\Users\vemun\TDT4165-Scala-Project\project_tasks\build.sbt
2022.11.18 18:00:49 WARN  no build target for: C:\Users\vemun\TDT4165-Scala-Project\project_tasks\build.sbt
2022.11.18 18:01:38 WARN  no build target for: C:\Users\vemun\TDT4165-Scala-Project\project_tasks\build.sbt
2022.11.18 18:02:13 INFO  shutting down Metals
2022.11.18 18:02:33 INFO  tracing is disabled for protocol LSP, to enable tracing of incoming and outgoing JSON messages create an empty file at c:\Users\vemun\TDT4165-Scala-Project\.metals\lsp.trace.json or C:\Users\vemun\AppData\Local\scalameta\metals\cache\lsp.trace.json
2022.11.18 18:02:33 INFO  logging to file C:\Users\vemun\TDT4165-Scala-Project\.metals\metals.log
2022.11.18 18:02:33 INFO  Started: Metals version 0.11.9 in workspace 'C:\Users\vemun\TDT4165-Scala-Project' for client Visual Studio Code 1.73.1.
2022.11.18 18:02:35 INFO  time: initialize in 1.85s
2022.11.18 18:02:35 WARN  Build server is not auto-connectable.
2022.11.18 18:02:35 WARN  no build tool detected in workspace 'C:\Users\vemun\TDT4165-Scala-Project'. The most common cause for this problem is that the editor was opened in the wrong working directory, for example if you use sbt then the workspace directory should contain build.sbt. 
2022.11.18 18:02:35 WARN  no build target for: C:\Users\vemun\TDT4165-Scala-Project\project_tasks\build.sbt
2022.11.18 18:02:38 INFO  no build target found for C:\Users\vemun\TDT4165-Scala-Project\project_tasks\build.sbt. Using presentation compiler with project's scala-library version: 3.2.0
2022.11.18 18:02:40 INFO  time: code lens generation in 4.23s
2022.11.18 18:05:08 WARN  no build target for: C:\Users\vemun\TDT4165-Scala-Project\project_tasks\build.sbt
2022.11.18 18:05:40 INFO  shutting down Metals
